  GraphicsLib.cpp
  MyForm.cpp
D:\PROJECTS\C# training\UDP_CLR_CLIENT\UDP_CLR_CLIENT\MyForm.h(328,5): warning C4996: 'sprintf': This function or variable may be unsafe. Consider using sprintf_s instead. To disable deprecation, use _CRT_SECURE_NO_WARNINGS. See online help for details.
D:\PROJECTS\C# training\UDP_CLR_CLIENT\UDP_CLR_CLIENT\MyForm.h(337,5): warning C4996: 'sprintf': This function or variable may be unsafe. Consider using sprintf_s instead. To disable deprecation, use _CRT_SECURE_NO_WARNINGS. See online help for details.
D:\PROJECTS\C# training\UDP_CLR_CLIENT\UDP_CLR_CLIENT\MyForm.h(426,1): warning C4302: 'type cast': truncation from 'const char *' to 'char'
D:\PROJECTS\C# training\UDP_CLR_CLIENT\UDP_CLR_CLIENT\MyForm.h(429,4): warning C4996: 'strcpy': This function or variable may be unsafe. Consider using strcpy_s instead. To disable deprecation, use _CRT_SECURE_NO_WARNINGS. See online help for details.
D:\PROJECTS\C# training\UDP_CLR_CLIENT\UDP_CLR_CLIENT\MyForm.h(421,15): warning C4996: 'localtime': This function or variable may be unsafe. Consider using localtime_s instead. To disable deprecation, use _CRT_SECURE_NO_WARNINGS. See online help for details.
  parserCMD.cpp
D:\PROJECTS\C# training\UDP_CLR_CLIENT\UDP_CLR_CLIENT\parserCMD.cpp(3,10): warning C4067: unexpected tokens following preprocessor directive - expected a newline
D:\PROJECTS\C# training\UDP_CLR_CLIENT\UDP_CLR_CLIENT\parserCMD.cpp(4,10): warning C4067: unexpected tokens following preprocessor directive - expected a newline
D:\PROJECTS\C# training\UDP_CLR_CLIENT\UDP_CLR_CLIENT\parserCMD.cpp(21,8): warning C4101: 'tok': unreferenced local variable
  .NETFramework,Version=v4.7.2.AssemblyAttributes.cpp
  Generating Code...
D:\PROJECTS\C# training\UDP_CLR_CLIENT\UDP_CLR_CLIENT\MyForm.h(330): warning C4172: returning address of local variable or temporary: AnswerChar
D:\PROJECTS\C# training\UDP_CLR_CLIENT\UDP_CLR_CLIENT\MyForm.h(339): warning C4172: returning address of local variable or temporary: AnswerChar
D:\PROJECTS\C# training\UDP_CLR_CLIENT\UDP_CLR_CLIENT\MyForm.h(351): warning C4172: returning address of local variable or temporary: AnswerServer
  GraphicsLib.obj : MSIL module encountered; incremental linking is disabled for MSIL; performing full link
GraphicsLib.obj : error LNK2028: unresolved token (0A000436) "extern "C" void __cdecl circle(int,int,int)" (?circle@@$$J0YAXHHH@Z) referenced in function "public: void __thiscall GraphicsLib::DrawCircle(short,short,short,short,short,short)" (?DrawCircle@GraphicsLib@@$$FQAEXFFFFFF@Z)
GraphicsLib.obj : error LNK2028: unresolved token (0A000437) "extern "C" void __cdecl ellipse(int,int,int,int,int,int)" (?ellipse@@$$J0YAXHHHHHH@Z) referenced in function "public: void __thiscall GraphicsLib::DrawEllipse(short,short,short,int,short,short,short)" (?DrawEllipse@GraphicsLib@@$$FQAEXFFFHFFF@Z)
GraphicsLib.obj : error LNK2028: unresolved token (0A00043D) "extern "C" void __cdecl floodfill(int,int,int)" (?floodfill@@$$J0YAXHHH@Z) referenced in function "public: void __thiscall GraphicsLib::FillCircle(short,short,short,short,short,short)" (?FillCircle@GraphicsLib@@$$FQAEXFFFFFF@Z)
GraphicsLib.obj : error LNK2028: unresolved token (0A000444) "extern "C" void __cdecl fillellipse(int,int,int,int)" (?fillellipse@@$$J0YAXHHHH@Z) referenced in function "public: void __thiscall GraphicsLib::FillEllipse(short,short,short,int,short,short,short)" (?FillEllipse@GraphicsLib@@$$FQAEXFFFHFFF@Z)
GraphicsLib.obj : error LNK2028: unresolved token (0A000452) "extern "C" int __cdecl COLOR(int,int,int)" (?COLOR@@$$J0YAHHHH@Z) referenced in function "public: void __thiscall GraphicsLib::drawPixel(short,short,short,short,short)" (?drawPixel@GraphicsLib@@$$FQAEXFFFFF@Z)
GraphicsLib.obj : error LNK2028: unresolved token (0A000471) "extern "C" void __cdecl outtextxy(int,int,char *)" (?outtextxy@@$$J0YAXHHPAD@Z) referenced in function "public: void __thiscall GraphicsLib::DrawText(short,short,short,short,short,short,short,class std::basic_string<char,struct std::char_traits<char>,class std::allocator<char> >)" (?DrawText@GraphicsLib@@$$FQAEXFFFFFFFV?$basic_string@DU?$char_traits@D@std@@V?$allocator@D@2@@std@@@Z)
GraphicsLib.obj : error LNK2028: unresolved token (0A000488) "extern "C" int __cdecl initwindow(int,int,char const *,int,int,bool,bool)" (?initwindow@@$$J0YAHHHPBDHH_N1@Z) referenced in function "public: void __thiscall GraphicsLib::initWINDOW(short,short)" (?initWINDOW@GraphicsLib@@$$FQAEXFF@Z)
GraphicsLib.obj : error LNK2028: unresolved token (0A000492) "extern "C" void __cdecl line(int,int,int,int)" (?line@@$$J0YAXHHHH@Z) referenced in function "public: void __thiscall GraphicsLib::drawLine(short,short,short,short,short,short,short)" (?drawLine@GraphicsLib@@$$FQAEXFFFFFFF@Z)
GraphicsLib.obj : error LNK2028: unresolved token (0A0004AC) "extern "C" void __cdecl rectangle(int,int,int,int)" (?rectangle@@$$J0YAXHHHH@Z) referenced in function "public: void __thiscall GraphicsLib::DrawRectangle(short,short,short,int,short,short,short)" (?DrawRectangle@GraphicsLib@@$$FQAEXFFFHFFF@Z)
GraphicsLib.obj : error LNK2028: unresolved token (0A0004B6) "extern "C" void __cdecl setfillstyle(int,int)" (?setfillstyle@@$$J0YAXHH@Z) referenced in function "public: void __thiscall GraphicsLib::FillRectangle(short,short,short,int,short,short,short)" (?FillRectangle@GraphicsLib@@$$FQAEXFFFHFFF@Z)
GraphicsLib.obj : error LNK2028: unresolved token (0A0004C4) "extern "C" void __cdecl setcolor(int)" (?setcolor@@$$J0YAXH@Z) referenced in function "public: void __thiscall GraphicsLib::drawLine(short,short,short,short,short,short,short)" (?drawLine@GraphicsLib@@$$FQAEXFFFFFFF@Z)
GraphicsLib.obj : error LNK2028: unresolved token (0A00053D) "extern "C" void __cdecl cleardevice(void)" (?cleardevice@@$$J0YAXXZ) referenced in function "public: void __thiscall GraphicsLib::ClearDisplay(void)" (?ClearDisplay@GraphicsLib@@$$FQAEXXZ)
GraphicsLib.obj : error LNK2028: unresolved token (0A000542) "extern "C" void __cdecl bar(int,int,int,int)" (?bar@@$$J0YAXHHHH@Z) referenced in function "public: void __thiscall GraphicsLib::FillRectangle(short,short,short,int,short,short,short)" (?FillRectangle@GraphicsLib@@$$FQAEXFFFHFFF@Z)
GraphicsLib.obj : error LNK2028: unresolved token (0A000566) "extern "C" void __cdecl putpixel(int,int,int)" (?putpixel@@$$J0YAXHHH@Z) referenced in function "public: void __thiscall GraphicsLib::drawPixel(short,short,short,short,short)" (?drawPixel@GraphicsLib@@$$FQAEXFFFFF@Z)
GraphicsLib.obj : error LNK2028: unresolved token (0A00057C) "extern "C" void __cdecl settextstyle(int,int,int)" (?settextstyle@@$$J0YAXHHH@Z) referenced in function "public: void __thiscall GraphicsLib::DrawText(short,short,short,short,short,short,short,class std::basic_string<char,struct std::char_traits<char>,class std::allocator<char> >)" (?DrawText@GraphicsLib@@$$FQAEXFFFFFFFV?$basic_string@DU?$char_traits@D@std@@V?$allocator@D@2@@std@@@Z)
MyForm.obj : error LNK2028: unresolved token (0A000703) "extern "C" void __cdecl closegraph(int)" (?closegraph@@$$J0YAXH@Z) referenced in function "private: char * __clrcall UDPCLRCLIENT::MyForm::commandServer(int *,int)" (?commandServer@MyForm@UDPCLRCLIENT@@$$FA$AAMPADPAHH@Z)
GraphicsLib.obj : error LNK2019: unresolved external symbol "extern "C" int __cdecl initwindow(int,int,char const *,int,int,bool,bool)" (?initwindow@@$$J0YAHHHPBDHH_N1@Z) referenced in function "public: void __thiscall GraphicsLib::initWINDOW(short,short)" (?initWINDOW@GraphicsLib@@$$FQAEXFF@Z)
GraphicsLib.obj : error LNK2019: unresolved external symbol "extern "C" void __cdecl cleardevice(void)" (?cleardevice@@$$J0YAXXZ) referenced in function "public: void __thiscall GraphicsLib::ClearDisplay(void)" (?ClearDisplay@GraphicsLib@@$$FQAEXXZ)
GraphicsLib.obj : error LNK2019: unresolved external symbol "extern "C" int __cdecl COLOR(int,int,int)" (?COLOR@@$$J0YAHHHH@Z) referenced in function "public: void __thiscall GraphicsLib::drawPixel(short,short,short,short,short)" (?drawPixel@GraphicsLib@@$$FQAEXFFFFF@Z)
GraphicsLib.obj : error LNK2019: unresolved external symbol "extern "C" void __cdecl putpixel(int,int,int)" (?putpixel@@$$J0YAXHHH@Z) referenced in function "public: void __thiscall GraphicsLib::drawPixel(short,short,short,short,short)" (?drawPixel@GraphicsLib@@$$FQAEXFFFFF@Z)
GraphicsLib.obj : error LNK2019: unresolved external symbol "extern "C" void __cdecl setcolor(int)" (?setcolor@@$$J0YAXH@Z) referenced in function "public: void __thiscall GraphicsLib::drawLine(short,short,short,short,short,short,short)" (?drawLine@GraphicsLib@@$$FQAEXFFFFFFF@Z)
GraphicsLib.obj : error LNK2019: unresolved external symbol "extern "C" void __cdecl line(int,int,int,int)" (?line@@$$J0YAXHHHH@Z) referenced in function "public: void __thiscall GraphicsLib::drawLine(short,short,short,short,short,short,short)" (?drawLine@GraphicsLib@@$$FQAEXFFFFFFF@Z)
GraphicsLib.obj : error LNK2019: unresolved external symbol "extern "C" void __cdecl rectangle(int,int,int,int)" (?rectangle@@$$J0YAXHHHH@Z) referenced in function "public: void __thiscall GraphicsLib::DrawRectangle(short,short,short,int,short,short,short)" (?DrawRectangle@GraphicsLib@@$$FQAEXFFFHFFF@Z)
GraphicsLib.obj : error LNK2019: unresolved external symbol "extern "C" void __cdecl setfillstyle(int,int)" (?setfillstyle@@$$J0YAXHH@Z) referenced in function "public: void __thiscall GraphicsLib::FillRectangle(short,short,short,int,short,short,short)" (?FillRectangle@GraphicsLib@@$$FQAEXFFFHFFF@Z)
GraphicsLib.obj : error LNK2019: unresolved external symbol "extern "C" void __cdecl bar(int,int,int,int)" (?bar@@$$J0YAXHHHH@Z) referenced in function "public: void __thiscall GraphicsLib::FillRectangle(short,short,short,int,short,short,short)" (?FillRectangle@GraphicsLib@@$$FQAEXFFFHFFF@Z)
GraphicsLib.obj : error LNK2019: unresolved external symbol "extern "C" void __cdecl ellipse(int,int,int,int,int,int)" (?ellipse@@$$J0YAXHHHHHH@Z) referenced in function "public: void __thiscall GraphicsLib::DrawEllipse(short,short,short,int,short,short,short)" (?DrawEllipse@GraphicsLib@@$$FQAEXFFFHFFF@Z)
GraphicsLib.obj : error LNK2019: unresolved external symbol "extern "C" void __cdecl fillellipse(int,int,int,int)" (?fillellipse@@$$J0YAXHHHH@Z) referenced in function "public: void __thiscall GraphicsLib::FillEllipse(short,short,short,int,short,short,short)" (?FillEllipse@GraphicsLib@@$$FQAEXFFFHFFF@Z)
GraphicsLib.obj : error LNK2019: unresolved external symbol "extern "C" void __cdecl circle(int,int,int)" (?circle@@$$J0YAXHHH@Z) referenced in function "public: void __thiscall GraphicsLib::DrawCircle(short,short,short,short,short,short)" (?DrawCircle@GraphicsLib@@$$FQAEXFFFFFF@Z)
GraphicsLib.obj : error LNK2019: unresolved external symbol "extern "C" void __cdecl floodfill(int,int,int)" (?floodfill@@$$J0YAXHHH@Z) referenced in function "public: void __thiscall GraphicsLib::FillCircle(short,short,short,short,short,short)" (?FillCircle@GraphicsLib@@$$FQAEXFFFFFF@Z)
GraphicsLib.obj : error LNK2019: unresolved external symbol "extern "C" void __cdecl settextstyle(int,int,int)" (?settextstyle@@$$J0YAXHHH@Z) referenced in function "public: void __thiscall GraphicsLib::DrawText(short,short,short,short,short,short,short,class std::basic_string<char,struct std::char_traits<char>,class std::allocator<char> >)" (?DrawText@GraphicsLib@@$$FQAEXFFFFFFFV?$basic_string@DU?$char_traits@D@std@@V?$allocator@D@2@@std@@@Z)
GraphicsLib.obj : error LNK2019: unresolved external symbol "extern "C" void __cdecl outtextxy(int,int,char *)" (?outtextxy@@$$J0YAXHHPAD@Z) referenced in function "public: void __thiscall GraphicsLib::DrawText(short,short,short,short,short,short,short,class std::basic_string<char,struct std::char_traits<char>,class std::allocator<char> >)" (?DrawText@GraphicsLib@@$$FQAEXFFFFFFFV?$basic_string@DU?$char_traits@D@std@@V?$allocator@D@2@@std@@@Z)
MyForm.obj : error LNK2019: unresolved external symbol "extern "C" void __cdecl closegraph(int)" (?closegraph@@$$J0YAXH@Z) referenced in function "private: char * __clrcall UDPCLRCLIENT::MyForm::commandServer(int *,int)" (?commandServer@MyForm@UDPCLRCLIENT@@$$FA$AAMPADPAHH@Z)
D:\PROJECTS\C# training\UDP_CLR_CLIENT\Release\UDP_CLR_CLIENT.exe : fatal error LNK1120: 32 unresolved externals
